abr 23, 2024 1:21:39 A. M. LOG run
INFO: Información actual: 
Verificados: 0
Cancelados: 0
abr 23, 2024 1:21:39 A. M. LOG run
INFO: Información actual: 
Verificados: 5
Cancelados: 1
abr 23, 2024 1:21:39 A. M. LOG run
INFO: Información actual: 
Verificados: 8
Cancelados: 1
abr 23, 2024 1:21:40 A. M. LOG run
INFO: Información actual: 
Verificados: 11
Cancelados: 3
abr 23, 2024 1:21:40 A. M. LOG run
INFO: Información actual: 
Verificados: 14
Cancelados: 3
abr 23, 2024 1:21:40 A. M. LOG run
INFO: Información actual: 
Verificados: 15
Cancelados: 5
abr 23, 2024 1:21:40 A. M. LOG run
INFO: Información actual: 
Verificados: 17
Cancelados: 8
abr 23, 2024 1:21:40 A. M. LOG run
INFO: Información actual: 
Verificados: 20
Cancelados: 11
abr 23, 2024 1:21:41 A. M. LOG run
INFO: Información actual: 
Verificados: 24
Cancelados: 12
abr 23, 2024 1:21:41 A. M. LOG run
INFO: Información actual: 
Verificados: 28
Cancelados: 16
abr 23, 2024 1:21:41 A. M. LOG run
INFO: Información actual: 
Verificados: 34
Cancelados: 20
abr 23, 2024 1:21:41 A. M. LOG run
INFO: Información actual: 
Verificados: 35
Cancelados: 21
abr 23, 2024 1:21:41 A. M. LOG run
INFO: Información actual: 
Verificados: 40
Cancelados: 21
abr 23, 2024 1:21:42 A. M. LOG run
INFO: Información actual: 
Verificados: 44
Cancelados: 22
abr 23, 2024 1:21:42 A. M. LOG run
INFO: Información actual: 
Verificados: 46
Cancelados: 22
abr 23, 2024 1:21:42 A. M. LOG run
INFO: Información actual: 
Verificados: 48
Cancelados: 24
abr 23, 2024 1:21:42 A. M. LOG run
INFO: Información actual: 
Verificados: 53
Cancelados: 24
abr 23, 2024 1:21:42 A. M. LOG run
INFO: Información actual: 
Verificados: 57
Cancelados: 25
abr 23, 2024 1:21:43 A. M. LOG run
INFO: Información actual: 
Verificados: 61
Cancelados: 27
abr 23, 2024 1:21:43 A. M. LOG run
INFO: Información actual: 
Verificados: 65
Cancelados: 27
abr 23, 2024 1:21:43 A. M. LOG run
INFO: Información actual: 
Verificados: 67
Cancelados: 30
abr 23, 2024 1:21:43 A. M. LOG run
INFO: Información actual: 
Verificados: 70
Cancelados: 31
abr 23, 2024 1:21:43 A. M. LOG run
INFO: Información actual: 
Verificados: 75
Cancelados: 32
abr 23, 2024 1:21:44 A. M. LOG run
INFO: Información actual: 
Verificados: 78
Cancelados: 34
abr 23, 2024 1:21:44 A. M. LOG run
INFO: Información actual: 
Verificados: 84
Cancelados: 35
abr 23, 2024 1:21:44 A. M. LOG run
INFO: Información actual: 
Verificados: 89
Cancelados: 36
abr 23, 2024 1:21:44 A. M. LOG run
INFO: Información actual: 
Verificados: 95
Cancelados: 36
abr 23, 2024 1:21:44 A. M. LOG run
INFO: Información actual: 
Verificados: 102
Cancelados: 37
abr 23, 2024 1:21:45 A. M. LOG run
INFO: Información actual: 
Verificados: 103
Cancelados: 38
abr 23, 2024 1:21:45 A. M. LOG run
INFO: Información actual: 
Verificados: 105
Cancelados: 38
abr 23, 2024 1:21:45 A. M. LOG run
INFO: Información actual: 
Verificados: 107
Cancelados: 38
abr 23, 2024 1:21:45 A. M. LOG run
INFO: Información actual: 
Verificados: 109
Cancelados: 38
abr 23, 2024 1:21:45 A. M. LOG run
INFO: Información actual: 
Verificados: 113
Cancelados: 38
abr 23, 2024 1:21:46 A. M. LOG run
INFO: Información actual: 
Verificados: 114
Cancelados: 38
abr 23, 2024 1:21:46 A. M. LOG run
INFO: Información actual: 
Verificados: 114
Cancelados: 39
abr 23, 2024 1:21:46 A. M. LOG run
INFO: Información actual: 
Verificados: 115
Cancelados: 39
abr 23, 2024 1:21:46 A. M. LOG run
INFO: Información actual: 
Verificados: 116
Cancelados: 41
abr 23, 2024 1:21:46 A. M. LOG run
INFO: Información actual: 
Verificados: 118
Cancelados: 41
abr 23, 2024 1:21:47 A. M. LOG run
INFO: Información actual: 
Verificados: 120
Cancelados: 42
abr 23, 2024 1:21:47 A. M. LOG run
INFO: Información actual: 
Verificados: 121
Cancelados: 42
abr 23, 2024 1:21:47 A. M. LOG run
INFO: Información actual: 
Verificados: 121
Cancelados: 43
abr 23, 2024 1:21:47 A. M. LOG run
INFO: Información actual: 
Verificados: 121
Cancelados: 44
abr 23, 2024 1:21:47 A. M. LOG run
INFO: Información actual: 
Verificados: 121
Cancelados: 44
abr 23, 2024 1:21:48 A. M. LOG run
INFO: Información actual: 
Verificados: 121
Cancelados: 45
abr 23, 2024 1:21:48 A. M. LOG run
INFO: Información actual: 
Verificados: 122
Cancelados: 46
abr 23, 2024 1:21:48 A. M. LOG run
INFO: Información actual: 
Verificados: 123
Cancelados: 46
abr 23, 2024 1:21:48 A. M. LOG run
INFO: Información actual: 
Verificados: 123
Cancelados: 46
abr 23, 2024 1:21:48 A. M. LOG run
INFO: Información actual: 
Verificados: 124
Cancelados: 47
abr 23, 2024 1:21:49 A. M. LOG run
INFO: Información actual: 
Verificados: 124
Cancelados: 47
abr 23, 2024 1:21:49 A. M. LOG run
INFO: Información actual: 
Verificados: 125
Cancelados: 47
abr 23, 2024 1:21:49 A. M. LOG run
INFO: Información actual: 
Verificados: 125
Cancelados: 49
abr 23, 2024 1:21:49 A. M. LOG run
INFO: Información actual: 
Verificados: 125
Cancelados: 49
abr 23, 2024 1:21:49 A. M. LOG run
INFO: Información actual: 
Verificados: 125
Cancelados: 49
abr 23, 2024 1:21:50 A. M. LOG run
INFO: Información actual: 
Verificados: 126
Cancelados: 49
abr 23, 2024 1:21:50 A. M. LOG run
INFO: Información actual: 
Verificados: 127
Cancelados: 49
abr 23, 2024 1:21:50 A. M. LOG run
INFO: Información actual: 
Verificados: 127
Cancelados: 49
abr 23, 2024 1:21:50 A. M. LOG run
INFO: Información actual: 
Verificados: 127
Cancelados: 49
abr 23, 2024 1:21:50 A. M. LOG run
INFO: Información actual: 
Verificados: 128
Cancelados: 50
abr 23, 2024 1:21:51 A. M. LOG run
INFO: Información actual: 
Verificados: 128
Cancelados: 50
abr 23, 2024 1:21:51 A. M. LOG run
INFO: Información actual: 
Verificados: 128
Cancelados: 50
abr 23, 2024 1:21:51 A. M. LOG run
INFO: Información actual: 
Verificados: 129
Cancelados: 50
abr 23, 2024 1:21:51 A. M. LOG run
INFO: Información actual: 
Verificados: 129
Cancelados: 50
abr 23, 2024 1:21:51 A. M. LOG run
INFO: Información actual: 
Verificados: 129
Cancelados: 50
abr 23, 2024 1:21:52 A. M. LOG run
INFO: Información actual: 
Verificados: 129
Cancelados: 50
abr 23, 2024 1:21:52 A. M. LOG run
INFO: Información actual: 
Verificados: 129
Cancelados: 50
abr 23, 2024 1:21:52 A. M. LOG run
INFO: Información actual: 
Verificados: 129
Cancelados: 50
abr 23, 2024 1:21:52 A. M. LOG run
INFO: Información actual: 
Verificados: 129
Cancelados: 50
abr 23, 2024 1:21:52 A. M. LOG run
INFO: Información actual: 
Verificados: 129
Cancelados: 50
abr 23, 2024 1:21:53 A. M. LOG run
INFO: Información actual: 
Verificados: 129
Cancelados: 50
abr 23, 2024 1:21:53 A. M. LOG run
INFO: Información actual: 
Verificados: 129
Cancelados: 50
abr 23, 2024 1:21:53 A. M. LOG run
INFO: Información actual: 
Verificados: 129
Cancelados: 50
abr 23, 2024 1:21:53 A. M. LOG run
INFO: Información actual: 
Verificados: 129
Cancelados: 50
abr 23, 2024 1:21:54 A. M. LOG run
INFO: Información actual: 
Verificados: 129
Cancelados: 50
abr 23, 2024 1:21:54 A. M. LOG run
INFO: Información actual: 
Verificados: 129
Cancelados: 50
abr 23, 2024 1:21:54 A. M. LOG run
INFO: Información actual: 
Verificados: 129
Cancelados: 51
abr 23, 2024 1:21:54 A. M. LOG run
INFO: Información actual: 
Verificados: 129
Cancelados: 51
abr 23, 2024 1:21:54 A. M. LOG run
INFO: Información actual: 
Verificados: 129
Cancelados: 51
abr 23, 2024 1:21:55 A. M. LOG run
INFO: Información actual: 
Verificados: 130
Cancelados: 51
abr 23, 2024 1:21:55 A. M. LOG run
INFO: Información actual: 
Verificados: 130
Cancelados: 51
abr 23, 2024 1:21:55 A. M. LOG run
INFO: Información actual: 
Verificados: 130
Cancelados: 51
abr 23, 2024 1:21:55 A. M. LOG run
INFO: Información actual: 
Verificados: 130
Cancelados: 51
abr 23, 2024 1:21:55 A. M. LOG run
INFO: Información actual: 
Verificados: 130
Cancelados: 51
abr 23, 2024 1:21:56 A. M. LOG run
INFO: Información actual: 
Verificados: 130
Cancelados: 51
abr 23, 2024 1:21:56 A. M. LOG run
INFO: Información actual: 
Verificados: 130
Cancelados: 51
abr 23, 2024 1:21:56 A. M. LOG run
INFO: Información actual: 
Verificados: 130
Cancelados: 51
abr 23, 2024 1:21:56 A. M. LOG run
INFO: Información actual: 
Verificados: 130
Cancelados: 51
abr 23, 2024 1:21:56 A. M. LOG run
INFO: Información actual: 
Verificados: 130
Cancelados: 52
abr 23, 2024 1:21:57 A. M. LOG run
INFO: Información actual: 
Verificados: 130
Cancelados: 52
abr 23, 2024 1:21:57 A. M. LOG run
INFO: Información actual: 
Verificados: 130
Cancelados: 52
abr 23, 2024 1:21:57 A. M. LOG run
INFO: Información actual: 
Verificados: 130
Cancelados: 52
abr 23, 2024 1:21:57 A. M. LOG run
INFO: Información actual: 
Verificados: 130
Cancelados: 52
abr 23, 2024 1:21:57 A. M. LOG run
INFO: Información actual: 
Verificados: 130
Cancelados: 52
abr 23, 2024 1:21:58 A. M. LOG run
INFO: Información actual: 
Verificados: 131
Cancelados: 52
abr 23, 2024 1:21:58 A. M. LOG run
INFO: Información actual: 
Verificados: 131
Cancelados: 52
abr 23, 2024 1:21:58 A. M. LOG run
INFO: Información actual: 
Verificados: 131
Cancelados: 52
abr 23, 2024 1:21:58 A. M. LOG run
INFO: Información actual: 
Verificados: 131
Cancelados: 52
abr 23, 2024 1:21:58 A. M. LOG run
INFO: Información actual: 
Verificados: 131
Cancelados: 52
abr 23, 2024 1:21:59 A. M. LOG run
INFO: Información actual: 
Verificados: 131
Cancelados: 52
abr 23, 2024 1:21:59 A. M. LOG run
INFO: Información actual: 
Verificados: 132
Cancelados: 52
abr 23, 2024 1:21:59 A. M. LOG run
INFO: Información actual: 
Verificados: 132
Cancelados: 52
abr 23, 2024 1:21:59 A. M. LOG run
INFO: Información actual: 
Verificados: 132
Cancelados: 52
abr 23, 2024 1:21:59 A. M. LOG run
INFO: Información actual: 
Verificados: 132
Cancelados: 52
abr 23, 2024 1:22:00 A. M. LOG run
INFO: Información actual: 
Verificados: 132
Cancelados: 52
abr 23, 2024 1:22:00 A. M. LOG run
INFO: Información actual: 
Verificados: 132
Cancelados: 52
abr 23, 2024 1:22:00 A. M. LOG run
INFO: Información actual: 
Verificados: 132
Cancelados: 52
abr 23, 2024 1:22:00 A. M. LOG run
INFO: Información actual: 
Verificados: 132
Cancelados: 52
abr 23, 2024 1:22:00 A. M. LOG run
INFO: Información actual: 
Verificados: 132
Cancelados: 52
abr 23, 2024 1:22:01 A. M. LOG run
INFO: Información actual: 
Verificados: 132
Cancelados: 52
abr 23, 2024 1:22:01 A. M. LOG run
INFO: Información actual: 
Verificados: 132
Cancelados: 52
abr 23, 2024 1:22:01 A. M. LOG run
INFO: Información actual: 
Verificados: 132
Cancelados: 52
abr 23, 2024 1:22:01 A. M. LOG run
INFO: Información actual: 
Verificados: 132
Cancelados: 52
abr 23, 2024 1:22:01 A. M. LOG run
INFO: Información actual: 
Verificados: 132
Cancelados: 52
abr 23, 2024 1:22:02 A. M. LOG run
INFO: Información actual: 
Verificados: 132
Cancelados: 52
abr 23, 2024 1:22:02 A. M. LOG run
INFO: Información actual: 
Verificados: 132
Cancelados: 52
abr 23, 2024 1:22:02 A. M. LOG run
INFO: Información actual: 
Verificados: 132
Cancelados: 52
abr 23, 2024 1:22:02 A. M. LOG run
INFO: Información actual: 
Verificados: 132
Cancelados: 52
abr 23, 2024 1:22:02 A. M. LOG run
INFO: Información actual: 
Verificados: 132
Cancelados: 52
abr 23, 2024 1:22:03 A. M. LOG run
INFO: Información actual: 
Verificados: 132
Cancelados: 52
abr 23, 2024 1:22:03 A. M. LOG run
INFO: Información actual: 
Verificados: 132
Cancelados: 52
abr 23, 2024 1:22:03 A. M. LOG run
INFO: Información actual: 
Verificados: 132
Cancelados: 52
abr 23, 2024 1:22:03 A. M. LOG run
INFO: Información actual: 
Verificados: 132
Cancelados: 52
abr 23, 2024 1:22:03 A. M. LOG run
INFO: Información actual: 
Verificados: 132
Cancelados: 52
abr 23, 2024 1:22:04 A. M. LOG run
INFO: Información actual: 
Verificados: 132
Cancelados: 52
abr 23, 2024 1:22:04 A. M. LOG run
INFO: Información actual: 
Verificados: 132
Cancelados: 52
abr 23, 2024 1:22:04 A. M. LOG run
INFO: Información actual: 
Verificados: 132
Cancelados: 52
abr 23, 2024 1:22:04 A. M. LOG run
INFO: Información actual: 
Verificados: 132
Cancelados: 52
abr 23, 2024 1:22:04 A. M. LOG run
INFO: Información actual: 
Verificados: 132
Cancelados: 52
abr 23, 2024 1:22:05 A. M. LOG run
INFO: Información actual: 
Verificados: 132
Cancelados: 52
abr 23, 2024 1:22:05 A. M. LOG run
INFO: Información actual: 
Verificados: 132
Cancelados: 52
abr 23, 2024 1:22:05 A. M. LOG run
INFO: Información actual: 
Verificados: 132
Cancelados: 52
abr 23, 2024 1:22:05 A. M. LOG run
INFO: Información actual: 
Verificados: 132
Cancelados: 52
abr 23, 2024 1:22:05 A. M. LOG run
INFO: Información actual: 
Verificados: 132
Cancelados: 52
abr 23, 2024 1:22:06 A. M. LOG run
INFO: Información actual: 
Verificados: 132
Cancelados: 52
abr 23, 2024 1:22:06 A. M. LOG run
INFO: Información actual: 
Verificados: 132
Cancelados: 52
abr 23, 2024 1:22:06 A. M. LOG run
INFO: Información actual: 
Verificados: 132
Cancelados: 52
abr 23, 2024 1:22:06 A. M. LOG run
INFO: Información actual: 
Verificados: 132
Cancelados: 52
abr 23, 2024 1:22:06 A. M. LOG run
INFO: Información actual: 
Verificados: 132
Cancelados: 52
abr 23, 2024 1:22:07 A. M. LOG run
INFO: Información actual: 
Verificados: 132
Cancelados: 52
abr 23, 2024 1:22:07 A. M. LOG run
INFO: Información actual: 
Verificados: 132
Cancelados: 52
abr 23, 2024 1:22:07 A. M. LOG run
INFO: Información actual: 
Verificados: 132
Cancelados: 52
abr 23, 2024 1:22:07 A. M. LOG run
INFO: Información actual: 
Verificados: 132
Cancelados: 52
abr 23, 2024 1:22:07 A. M. LOG run
INFO: Información actual: 
Verificados: 132
Cancelados: 52
abr 23, 2024 1:22:08 A. M. LOG run
INFO: Información actual: 
Verificados: 132
Cancelados: 52
abr 23, 2024 1:22:08 A. M. LOG run
INFO: Información actual: 
Verificados: 132
Cancelados: 52
abr 23, 2024 1:22:08 A. M. LOG run
INFO: Información actual: 
Verificados: 132
Cancelados: 52
abr 23, 2024 1:22:08 A. M. LOG run
INFO: Información actual: 
Verificados: 132
Cancelados: 52
abr 23, 2024 1:22:08 A. M. LOG run
INFO: Información actual: 
Verificados: 132
Cancelados: 52
abr 23, 2024 1:22:09 A. M. LOG run
INFO: Información actual: 
Verificados: 132
Cancelados: 52
abr 23, 2024 1:22:09 A. M. LOG run
INFO: Información actual: 
Verificados: 132
Cancelados: 52
abr 23, 2024 1:22:09 A. M. LOG run
INFO: Información actual: 
Verificados: 132
Cancelados: 52
abr 23, 2024 1:22:09 A. M. LOG run
INFO: Información actual: 
Verificados: 132
Cancelados: 52
abr 23, 2024 1:22:09 A. M. LOG run
INFO: Información actual: 
Verificados: 132
Cancelados: 52
abr 23, 2024 1:22:10 A. M. LOG run
INFO: Información actual: 
Verificados: 132
Cancelados: 52
abr 23, 2024 1:22:10 A. M. LOG run
INFO: Información actual: 
Verificados: 132
Cancelados: 52
abr 23, 2024 1:22:10 A. M. LOG run
INFO: Información actual: 
Verificados: 132
Cancelados: 53
abr 23, 2024 1:22:10 A. M. LOG run
INFO: Información actual: 
Verificados: 132
Cancelados: 53
abr 23, 2024 1:22:10 A. M. LOG run
INFO: Información actual: 
Verificados: 132
Cancelados: 53
abr 23, 2024 1:22:11 A. M. LOG run
INFO: Información actual: 
Verificados: 132
Cancelados: 53
abr 23, 2024 1:22:11 A. M. LOG run
INFO: Información actual: 
Verificados: 132
Cancelados: 53
abr 23, 2024 1:22:11 A. M. LOG run
INFO: Información actual: 
Verificados: 132
Cancelados: 53
abr 23, 2024 1:22:11 A. M. LOG run
INFO: Información actual: 
Verificados: 132
Cancelados: 53
abr 23, 2024 1:22:11 A. M. LOG run
INFO: Información actual: 
Verificados: 132
Cancelados: 53
abr 23, 2024 1:22:12 A. M. LOG run
INFO: Información actual: 
Verificados: 132
Cancelados: 53
abr 23, 2024 1:22:12 A. M. LOG run
INFO: Información actual: 
Verificados: 132
Cancelados: 53
abr 23, 2024 1:22:12 A. M. LOG run
INFO: Información actual: 
Verificados: 132
Cancelados: 53
abr 23, 2024 1:22:12 A. M. LOG run
INFO: Información actual: 
Verificados: 132
Cancelados: 54
abr 23, 2024 1:22:12 A. M. LOG run
INFO: Información actual: 
Verificados: 132
Cancelados: 54
abr 23, 2024 1:22:13 A. M. LOG run
INFO: Información actual: 
Verificados: 132
Cancelados: 54
abr 23, 2024 1:22:13 A. M. LOG run
INFO: Información actual: 
Verificados: 132
Cancelados: 54
abr 23, 2024 1:22:13 A. M. LOG run
INFO: Información actual: 
Verificados: 132
Cancelados: 54
abr 23, 2024 1:22:13 A. M. LOG run
INFO: Información actual: 
Verificados: 132
Cancelados: 54
abr 23, 2024 1:22:13 A. M. LOG run
INFO: Información actual: 
Verificados: 132
Cancelados: 54
abr 23, 2024 1:22:14 A. M. LOG run
INFO: Información actual: 
Verificados: 132
Cancelados: 54
abr 23, 2024 1:22:14 A. M. LOG run
INFO: Información actual: 
Verificados: 132
Cancelados: 54
abr 23, 2024 1:22:14 A. M. LOG run
INFO: Información actual: 
Verificados: 132
Cancelados: 54
abr 23, 2024 1:22:14 A. M. LOG run
INFO: Información actual: 
Verificados: 132
Cancelados: 54
abr 23, 2024 1:22:14 A. M. LOG run
INFO: Información actual: 
Verificados: 132
Cancelados: 54
abr 23, 2024 1:22:15 A. M. LOG run
INFO: Información actual: 
Verificados: 132
Cancelados: 54
abr 23, 2024 1:22:15 A. M. LOG run
INFO: Información actual: 
Verificados: 132
Cancelados: 54
abr 23, 2024 1:22:15 A. M. LOG run
INFO: Información actual: 
Verificados: 132
Cancelados: 54
abr 23, 2024 1:22:15 A. M. LOG run
INFO: Información actual: 
Verificados: 132
Cancelados: 54
abr 23, 2024 1:22:15 A. M. LOG run
INFO: Información actual: 
Verificados: 132
Cancelados: 54
abr 23, 2024 1:22:16 A. M. LOG run
INFO: Información actual: 
Verificados: 132
Cancelados: 54
abr 23, 2024 1:22:16 A. M. LOG run
INFO: Información actual: 
Verificados: 132
Cancelados: 54
abr 23, 2024 1:22:16 A. M. LOG run
INFO: Información actual: 
Verificados: 132
Cancelados: 54
abr 23, 2024 1:22:16 A. M. LOG run
INFO: Información actual: 
Verificados: 132
Cancelados: 54
abr 23, 2024 1:22:16 A. M. LOG run
INFO: Información actual: 
Verificados: 132
Cancelados: 54
abr 23, 2024 1:22:17 A. M. LOG run
INFO: Información actual: 
Verificados: 132
Cancelados: 54
abr 23, 2024 1:22:17 A. M. LOG run
INFO: Información actual: 
Verificados: 132
Cancelados: 54
abr 23, 2024 1:22:17 A. M. LOG run
INFO: Información actual: 
Verificados: 132
Cancelados: 54
abr 23, 2024 1:22:17 A. M. LOG run
INFO: Información actual: 
Verificados: 132
Cancelados: 54
abr 23, 2024 1:22:17 A. M. LOG run
INFO: Información actual: 
Verificados: 132
Cancelados: 54
abr 23, 2024 1:22:18 A. M. LOG run
INFO: Información actual: 
Verificados: 132
Cancelados: 54
abr 23, 2024 1:22:18 A. M. LOG run
INFO: Información actual: 
Verificados: 132
Cancelados: 54
abr 23, 2024 1:22:18 A. M. LOG run
INFO: Información actual: 
Verificados: 132
Cancelados: 54
abr 23, 2024 1:22:18 A. M. LOG run
INFO: Información actual: 
Verificados: 132
Cancelados: 54
abr 23, 2024 1:22:18 A. M. LOG run
INFO: Información actual: 
Verificados: 132
Cancelados: 54
abr 23, 2024 1:22:19 A. M. LOG run
INFO: Información actual: 
Verificados: 132
Cancelados: 54
abr 23, 2024 1:22:19 A. M. LOG run
INFO: Información actual: 
Verificados: 132
Cancelados: 54
abr 23, 2024 1:22:19 A. M. LOG run
INFO: Información actual: 
Verificados: 132
Cancelados: 54
abr 23, 2024 1:22:19 A. M. LOG run
INFO: 
 Ocupación final: 132 asientos

abr 23, 2024 1:22:19 A. M. LOG run
INFO: Información final: 
Verificados: 132
Cancelados: 54
abr 23, 2024 1:22:19 A. M. LOG run
INFO: 
El programa demoro: 40721 ms
